<?xml version="1.0" encoding="UTF-8"?>
<!-- Generated by org.testng.reporters.JUnitXMLReporter -->
<testsuite ignored="3" hostname="DESKTOP-61QF0TL" failures="0" tests="1" name="Edge Test" time="9.272" errors="0" timestamp="2024-08-28T21:38:29 IST">
  <testcase classname="testscripts.LoginPage_TestCase1" name="enterValues3" time="0.896"/>
  <testcase classname="testscripts.LoginPage_TestCase1" name="enterValues4" time="0.0">
    <ignored/>
  </testcase> <!-- enterValues4 -->
  <testcase classname="testscripts.LoginPage_TestCase1" name="enterValues1" time="0.0">
    <ignored/>
  </testcase> <!-- enterValues1 -->
  <testcase classname="testscripts.LoginPage_TestCase1" name="enterValues2" time="0.0">
    <ignored/>
  </testcase> <!-- enterValues2 -->
</testsuite> <!-- Edge Test -->
