<?xml version="1.0" encoding="UTF-8"?>
<!-- Generated by org.testng.reporters.JUnitXMLReporter -->
<testsuite ignored="3" hostname="DESKTOP-61QF0TL" failures="0" tests="2" name="7Mart_Test1" time="0.087" errors="0" timestamp="2024-09-09T22:36:23 IST">
  <testcase classname="testscripts.BaseClass" name="@BeforeMethod intializeMethod" time="-1.725901583295E9">
    <failure type="org.testng.TestNGException" message="
Parameter &amp;apos;Browser&amp;apos; is required by BeforeMethod on method intializeMethod but has not been marked @Optional or defined
in C:\Users\rahul\git\rb_repo3_supermart7\Supermarket_Class1_Project\testng.xml">
      <![CDATA[org.testng.TestNGException: 
Parameter 'Browser' is required by BeforeMethod on method intializeMethod but has not been marked @Optional or defined
in C:\Users\rahul\git\rb_repo3_supermart7\Supermarket_Class1_Project\testng.xml
at java.base/java.util.ArrayList.forEach(ArrayList.java:1511)
... Removed 28 stack frames]]>
    </failure>
  </testcase> <!-- @BeforeMethod intializeMethod -->
  <testcase classname="testscripts.BaseClass" name="@AfterMethod browserQuit" time="-1.725901583319E9">
    <skipped/>
  </testcase> <!-- @AfterMethod browserQuit -->
  <testcase classname="testscripts.BaseClass" name="@BeforeMethod intializeMethod" time="-1.725901583322E9">
    <failure type="org.testng.TestNGException" message="
Parameter &amp;apos;Browser&amp;apos; is required by BeforeMethod on method intializeMethod but has not been marked @Optional or defined
in C:\Users\rahul\git\rb_repo3_supermart7\Supermarket_Class1_Project\testng.xml">
      <![CDATA[org.testng.TestNGException: 
Parameter 'Browser' is required by BeforeMethod on method intializeMethod but has not been marked @Optional or defined
in C:\Users\rahul\git\rb_repo3_supermart7\Supermarket_Class1_Project\testng.xml
at java.base/java.util.ArrayList.forEach(ArrayList.java:1511)
... Removed 28 stack frames]]>
    </failure>
  </testcase> <!-- @BeforeMethod intializeMethod -->
  <testcase classname="testscripts.BaseClass" name="@AfterMethod browserQuit" time="-1.725901583331E9">
    <skipped/>
  </testcase> <!-- @AfterMethod browserQuit -->
  <testcase classname="testscripts.LoginPage_TestCase1" name="enterValues2" time="0.0">
    <skipped/>
  </testcase> <!-- enterValues2 -->
  <testcase classname="testscripts.LoginPage_TestCase1" name="enterValues2" time="0.0">
    <skipped/>
  </testcase> <!-- enterValues2 -->
  <testcase classname="testscripts.LoginPage_TestCase1" name="enterValues3" time="0.0">
    <ignored/>
  </testcase> <!-- enterValues3 -->
  <testcase classname="testscripts.LoginPage_TestCase1" name="enterValues4" time="0.0">
    <ignored/>
  </testcase> <!-- enterValues4 -->
  <testcase classname="testscripts.LoginPage_TestCase1" name="enterValues1" time="0.0">
    <ignored/>
  </testcase> <!-- enterValues1 -->
</testsuite> <!-- 7Mart_Test1 -->
