<?xml version="1.0" encoding="UTF-8"?>
<!-- Generated by org.testng.reporters.JUnitXMLReporter -->
<testsuite ignored="0" hostname="DESKTOP-61QF0TL" failures="0" tests="4" name="7martTestNg" time="47.116" errors="0" timestamp="2024-08-23T07:19:15 IST">
  <testcase classname="a1_Prg35_testscript.LoginPage_TestCase1" name="enterValues1" time="3.902"/>
  <testcase classname="a1_Prg35_testscript.LoginPage_TestCase1" name="enterValues2" time="2.108"/>
  <testcase classname="a1_Prg35_testscript.LoginPage_TestCase1" name="enterValues3" time="1.431"/>
  <testcase classname="a1_Prg35_testscript.LoginPage_TestCase1" name="enterValues4" time="3.455"/>
</testsuite> <!-- 7martTestNg -->
