<?xml version="1.0" encoding="UTF-8"?>
<!-- Generated by org.testng.reporters.JUnitXMLReporter -->
<testsuite ignored="3" hostname="DESKTOP-61QF0TL" failures="0" tests="1" name="Parameter_Test" time="14.31" errors="0" timestamp="2024-08-26T07:59:22 IST">
  <testcase classname="a1_Prg35_testscript.LoginPage_TestCase1" name="enterValues3" time="1.014"/>
  <testcase classname="a1_Prg35_testscript.LoginPage_TestCase1" name="enterValues2" time="0.0">
    <ignored/>
  </testcase> <!-- enterValues2 -->
  <testcase classname="a1_Prg35_testscript.LoginPage_TestCase1" name="enterValues4" time="0.0">
    <ignored/>
  </testcase> <!-- enterValues4 -->
  <testcase classname="a1_Prg35_testscript.LoginPage_TestCase1" name="enterValues1" time="0.0">
    <ignored/>
  </testcase> <!-- enterValues1 -->
</testsuite> <!-- Parameter_Test -->
